<?xml version="1.0" encoding="UTF-8"?>
<!-- Generated by org.testng.reporters.JUnitReportReporter -->
<testsuite hostname="iftis-Mac-mini.local" failures="0" tests="5" name="testCases.TC_003_LoginDDT" time="69.499" errors="0" timestamp="2024-01-09T16:34:27 EST" skipped="0">
  <testcase classname="testCases.TC_003_LoginDDT" name="verify_loginDDT" time="20.889"/>
  <testcase classname="testCases.TC_003_LoginDDT" name="verify_loginDDT" time="21.347"/>
  <testcase classname="testCases.TC_003_LoginDDT" name="verify_loginDDT" time="4.453"/>
  <testcase classname="testCases.TC_003_LoginDDT" name="verify_loginDDT" time="1.735"/>
  <testcase classname="testCases.TC_003_LoginDDT" name="verify_loginDDT" time="21.075"/>
</testsuite> <!-- testCases.TC_003_LoginDDT -->
