<?xml version="1.0" encoding="UTF-8"?>
<!-- Generated by org.testng.reporters.JUnitReportReporter -->
<testsuite hostname="iftis-Mac-mini.local" failures="0" tests="1" name="testCases.TC_002_LoginTest" time="4.255" errors="0" timestamp="2024-01-10T17:31:26 EST" skipped="0">
  <testcase classname="testCases.TC_002_LoginTest" name="verify_login" time="4.255"/>
</testsuite> <!-- testCases.TC_002_LoginTest -->
