<?xml version="1.0" encoding="UTF-8"?>
<!-- Generated by org.testng.reporters.JUnitReportReporter -->
<testsuite hostname="iftis-Mac-mini.local" failures="0" tests="5" name="testCases.TC_003_LoginDDT" time="62.261" errors="0" timestamp="2024-01-12T02:34:40 EST" skipped="0">
  <testcase classname="testCases.TC_003_LoginDDT" name="verify_loginDDT" time="0.580"/>
  <testcase classname="testCases.TC_003_LoginDDT" name="verify_loginDDT" time="0.696"/>
  <testcase classname="testCases.TC_003_LoginDDT" name="verify_loginDDT" time="20.318"/>
  <testcase classname="testCases.TC_003_LoginDDT" name="verify_loginDDT" time="20.302"/>
  <testcase classname="testCases.TC_003_LoginDDT" name="verify_loginDDT" time="20.365"/>
</testsuite> <!-- testCases.TC_003_LoginDDT -->
